<?xml version="1.0" encoding="UTF-8"?>
<!-- Generated by org.testng.reporters.JUnitReportReporter -->
<testsuite hostname="Ram_Instarent" failures="0" tests="2" name="testCases.TC_001_AccountRegistrationTest" time="6.107" errors="0" timestamp="2025-03-14T11:48:56 IST" skipped="0">
  <testcase classname="testCases.TC_001_AccountRegistrationTest" name="verify_account_registration" time="2.956"/>
  <testcase classname="testCases.TC_001_AccountRegistrationTest" name="verify_account_registration" time="3.151"/>
</testsuite> <!-- testCases.TC_001_AccountRegistrationTest -->
