<?xml version="1.0" encoding="UTF-8"?>
<!-- Generated by org.testng.reporters.JUnitReportReporter -->
<testsuite hostname="Ram_Instarent" failures="0" tests="2" name="testCases.TC_002_LoginTest" time="3.822" errors="0" timestamp="2025-03-14T11:48:56 IST" skipped="0">
  <testcase classname="testCases.TC_002_LoginTest" name="verify_login" time="2.108"/>
  <testcase classname="testCases.TC_002_LoginTest" name="verify_login" time="1.714"/>
</testsuite> <!-- testCases.TC_002_LoginTest -->
