<?xml version="1.0" encoding="UTF-8"?>
<!-- Generated by org.testng.reporters.JUnitReportReporter -->
<testsuite hostname="Ram_Instarent" failures="0" tests="1" name="testCases.TC_002_LoginTest" time="1.656" errors="0" timestamp="2025-03-14T12:46:08 IST" skipped="0">
  <testcase classname="testCases.TC_002_LoginTest" name="verify_login" time="1.656"/>
</testsuite> <!-- testCases.TC_002_LoginTest -->
